0 info it worked if it ends with ok
1 verbose cli [ '/usr/local/Cellar/node/6.2.0/bin/node',
1 verbose cli   '/usr/local/bin/npm',
1 verbose cli   'run',
1 verbose cli   'commitmsg' ]
2 info using npm@3.8.9
3 info using node@v6.2.0
4 verbose run-script [ 'precommitmsg', 'commitmsg', 'postcommitmsg' ]
5 info lifecycle pubsuber@0.1.0~precommitmsg: pubsuber@0.1.0
6 silly lifecycle pubsuber@0.1.0~precommitmsg: no script for precommitmsg, continuing
7 info lifecycle pubsuber@0.1.0~commitmsg: pubsuber@0.1.0
8 verbose lifecycle pubsuber@0.1.0~commitmsg: unsafe-perm in lifecycle true
9 verbose lifecycle pubsuber@0.1.0~commitmsg: PATH: /usr/local/lib/node_modules/npm/bin/node-gyp-bin:/Users/trunda/Work/js/pubsuber/node_modules/.bin:/usr/local/Cellar/node/6.2.0/bin:/usr/local/Cellar/git/2.8.3/libexec/git-core:/usr/local/Cellar/git/2.8.3/libexec/git-core:/Users/trunda/.autojump/bin:/usr/local/bin:/usr/bin:/bin:/usr/sbin:/sbin:/Users/trunda/.composer/vendor/bin:/Users/trunda/.composer/vendor/bin:/usr/local/bin:/usr/local
10 verbose lifecycle pubsuber@0.1.0~commitmsg: CWD: /Users/trunda/Work/js/pubsuber
11 silly lifecycle pubsuber@0.1.0~commitmsg: Args: [ '-c', 'conventional-changelog-lint -e' ]
12 silly lifecycle pubsuber@0.1.0~commitmsg: Returned: code: 1  signal: null
13 info lifecycle pubsuber@0.1.0~commitmsg: Failed to exec commitmsg script
14 verbose stack Error: pubsuber@0.1.0 commitmsg: `conventional-changelog-lint -e`
14 verbose stack Exit status 1
14 verbose stack     at EventEmitter.<anonymous> (/usr/local/lib/node_modules/npm/lib/utils/lifecycle.js:245:16)
14 verbose stack     at emitTwo (events.js:106:13)
14 verbose stack     at EventEmitter.emit (events.js:191:7)
14 verbose stack     at ChildProcess.<anonymous> (/usr/local/lib/node_modules/npm/lib/utils/spawn.js:24:14)
14 verbose stack     at emitTwo (events.js:106:13)
14 verbose stack     at ChildProcess.emit (events.js:191:7)
14 verbose stack     at maybeClose (internal/child_process.js:850:16)
14 verbose stack     at Process.ChildProcess._handle.onexit (internal/child_process.js:215:5)
15 verbose pkgid pubsuber@0.1.0
16 verbose cwd /Users/trunda/Work/js/pubsuber
17 error Darwin 15.6.0
18 error argv "/usr/local/Cellar/node/6.2.0/bin/node" "/usr/local/bin/npm" "run" "commitmsg"
19 error node v6.2.0
20 error npm  v3.8.9
21 error code ELIFECYCLE
22 error pubsuber@0.1.0 commitmsg: `conventional-changelog-lint -e`
22 error Exit status 1
23 error Failed at the pubsuber@0.1.0 commitmsg script 'conventional-changelog-lint -e'.
23 error Make sure you have the latest version of node.js and npm installed.
23 error If you do, this is most likely a problem with the pubsuber package,
23 error not with npm itself.
23 error Tell the author that this fails on your system:
23 error     conventional-changelog-lint -e
23 error You can get information on how to open an issue for this project with:
23 error     npm bugs pubsuber
23 error Or if that isn't available, you can get their info via:
23 error     npm owner ls pubsuber
23 error There is likely additional logging output above.
24 verbose exit [ 1, true ]
